c:\users\ryan lambe\source\repos\ryanlambe\rl-voxel\engine\x64\debug\vc143.pdb
c:\users\ryan lambe\source\repos\ryanlambe\rl-voxel\engine\x64\debug\vc143.idb
c:\users\ryan lambe\source\repos\ryanlambe\rl-voxel\engine\x64\debug\window.obj
c:\users\ryan lambe\source\repos\ryanlambe\rl-voxel\engine\x64\debug\time.obj
c:\users\ryan lambe\source\repos\ryanlambe\rl-voxel\engine\x64\debug\main.obj
c:\users\ryan lambe\source\repos\ryanlambe\rl-voxel\engine\x64\debug\graphics.obj
c:\users\ryan lambe\source\repos\ryanlambe\rl-voxel\engine\x64\debug\input.obj
c:\users\ryan lambe\source\repos\ryanlambe\rl-voxel\engine\x64\debug\debug.obj
c:\users\ryan lambe\source\repos\ryanlambe\rl-voxel\engine\x64\debug\engine.obj
c:\users\ryan lambe\source\repos\ryanlambe\rl-voxel\engine\x64\debug\vec3.obj
c:\users\ryan lambe\source\repos\ryanlambe\rl-voxel\engine\x64\debug\vec2.obj
c:\users\ryan lambe\source\repos\ryanlambe\rl-voxel\engine\x64\debug\debuger.obj
c:\users\ryan lambe\source\repos\ryanlambe\rl-voxel\x64\debug\engine.exe
c:\users\ryan lambe\source\repos\ryanlambe\rl-voxel\engine\x64\debug\engine.ilk
c:\users\ryan lambe\source\repos\ryanlambe\rl-voxel\x64\debug\engine.pdb
c:\users\ryan lambe\source\repos\ryanlambe\rl-voxel\engine\x64\debug\engine.tlog\cl.command.1.tlog
c:\users\ryan lambe\source\repos\ryanlambe\rl-voxel\engine\x64\debug\engine.tlog\cl.read.1.tlog
c:\users\ryan lambe\source\repos\ryanlambe\rl-voxel\engine\x64\debug\engine.tlog\cl.write.1.tlog
c:\users\ryan lambe\source\repos\ryanlambe\rl-voxel\engine\x64\debug\engine.tlog\link.command.1.tlog
c:\users\ryan lambe\source\repos\ryanlambe\rl-voxel\engine\x64\debug\engine.tlog\link.read.1.tlog
c:\users\ryan lambe\source\repos\ryanlambe\rl-voxel\engine\x64\debug\engine.tlog\link.write.1.tlog
