c:\users\ryan lambe\source\repos\ryanlambe\rl-voxel\bin\intermediates\debug\vc143.pdb
c:\users\ryan lambe\source\repos\ryanlambe\rl-voxel\bin\intermediates\debug\vc143.idb
c:\users\ryan lambe\source\repos\ryanlambe\rl-voxel\bin\intermediates\debug\window.obj
c:\users\ryan lambe\source\repos\ryanlambe\rl-voxel\bin\intermediates\debug\time.obj
c:\users\ryan lambe\source\repos\ryanlambe\rl-voxel\bin\intermediates\debug\input.obj
c:\users\ryan lambe\source\repos\ryanlambe\rl-voxel\bin\intermediates\debug\debuger.obj
c:\users\ryan lambe\source\repos\ryanlambe\rl-voxel\bin\intermediates\debug\vec3.obj
c:\users\ryan lambe\source\repos\ryanlambe\rl-voxel\bin\intermediates\debug\vec2.obj
c:\users\ryan lambe\source\repos\ryanlambe\rl-voxel\bin\intermediates\debug\main.obj
c:\users\ryan lambe\source\repos\ryanlambe\rl-voxel\bin\intermediates\debug\renderer.obj
c:\users\ryan lambe\source\repos\ryanlambe\rl-voxel\bin\intermediates\debug\graphics.obj
c:\users\ryan lambe\source\repos\ryanlambe\rl-voxel\bin\intermediates\debug\engine.obj
c:\users\ryan lambe\source\repos\ryanlambe\rl-voxel\bin\intermediates\debug\camera.obj
c:\users\ryan lambe\source\repos\ryanlambe\rl-voxel\bin\debug\vertexshader.cso
c:\users\ryan lambe\source\repos\ryanlambe\rl-voxel\bin\debug\pixelshader.cso
c:\users\ryan lambe\source\repos\ryanlambe\rl-voxel\bin\debug\engine.exe
c:\users\ryan lambe\source\repos\ryanlambe\rl-voxel\bin\intermediates\debug\engine.ilk
c:\users\ryan lambe\source\repos\ryanlambe\rl-voxel\bin\debug\engine.pdb
c:\users\ryan lambe\source\repos\ryanlambe\rl-voxel\bin\intermediates\debug\engine.vcxproj.filelistabsolute.txt
c:\users\ryan lambe\source\repos\ryanlambe\rl-voxel\bin\intermediates\debug\engine.tlog\cl.command.1.tlog
c:\users\ryan lambe\source\repos\ryanlambe\rl-voxel\bin\intermediates\debug\engine.tlog\cl.read.1.tlog
c:\users\ryan lambe\source\repos\ryanlambe\rl-voxel\bin\intermediates\debug\engine.tlog\cl.write.1.tlog
c:\users\ryan lambe\source\repos\ryanlambe\rl-voxel\bin\intermediates\debug\engine.tlog\fxc.command.1.tlog
c:\users\ryan lambe\source\repos\ryanlambe\rl-voxel\bin\intermediates\debug\engine.tlog\fxc.read.1.tlog
c:\users\ryan lambe\source\repos\ryanlambe\rl-voxel\bin\intermediates\debug\engine.tlog\fxc.write.1.tlog
c:\users\ryan lambe\source\repos\ryanlambe\rl-voxel\bin\intermediates\debug\engine.tlog\link.command.1.tlog
c:\users\ryan lambe\source\repos\ryanlambe\rl-voxel\bin\intermediates\debug\engine.tlog\link.read.1.tlog
c:\users\ryan lambe\source\repos\ryanlambe\rl-voxel\bin\intermediates\debug\engine.tlog\link.write.1.tlog
